MyStore

Customer1           Tue Feb 10 18:03:02 PST 2015
Can of soda         1 @ 0.50               $0.50
-------------------------------------------------
                                    Total: $0.50
Paid by Credit Card: 123456
Amount Returned: 0

MyStore

Customer2           Tue Feb 10 18:03:02 PST 2015
Can of soda         5 @ 0.50               $2.50
-------------------------------------------------
                                    Total: $2.50
Amount Tendered: 5.00
Amount Returned: 2.50

MyStore

Customer3           Tue Feb 10 18:03:02 PST 2015
Can of soda         99 @ 0.50             $49.50
Office chair        1 @ 74.99             $74.99
AMD fx-9590 CPU     3 @ 239.99           $719.97
Can of Air          5 @ 18.88             $94.40
-------------------------------------------------
                                  Total: $938.86
Paid by Check: 938.86
Amount Returned: 0

